12:37:27.175 [main] TRACE ServerClass - FROM CLIENT TRACE METHOD:
12:37:27.181 [main] DEBUG ServerClass - FROM CLIENT DEBUG METHOD:
12:37:27.181 [main] INFO  ServerClass - FROM CLIENT INFO METHOD:
12:37:27.182 [main] WARN  ServerClass - FROM CLIENT WARN METHOD:
12:37:27.182 [main] ERROR ServerClass - FROM CLIENT ERROR METHOD:
java.lang.Exception: Error Event occured on Server:
	at ServerClass.processData(ServerClass.java:54) [classes/:?]
	at ServerClass.main(ServerClass.java:60) [classes/:?]
12:37:27.205 [main] FATAL ServerClass - FROM CLIENT FATAL METHOD: Fatal Event occured on server
12:37:49.881 [main] TRACE ClientClass - FROM CLIENT TRACE METHOD:
12:37:49.890 [main] DEBUG ClientClass - FROM CLIENT DEBUG METHOD:
12:37:49.890 [main] INFO  ClientClass - FROM CLIENT INFO METHOD:
12:37:49.891 [main] WARN  ClientClass - FROM CLIENT WARN METHOD:
12:37:49.892 [main] ERROR ClientClass - FROM CLIENT ERROR METHOD:
java.lang.Exception: Error Event occured on client:
	at ClientClass.processData(ClientClass.java:72) [classes/:?]
	at ClientClass.main(ClientClass.java:194) [classes/:?]
12:37:49.929 [main] FATAL ClientClass - FROM CLIENT FATAL METHOD:
java.lang.RuntimeException: Fatal Event occured on client:
	at ClientClass.processData(ClientClass.java:73) [classes/:?]
	at ClientClass.main(ClientClass.java:194) [classes/:?]
